<?xml version="1.0" encoding="UTF-8"?>
<!-- Generated by org.testng.reporters.JUnitXMLReporter -->
<testsuite hostname="pavanhegde" ignored="0" name="In BDD" tests="3" failures="2" timestamp="17 Aug 2021 14:43:45 GMT" time="48.407" errors="0">
  <testcase name="Verify Get vaccination sessions API by district" time="4.406" classname="com.qmetry.qaf.automation.step.client.Scenario">
    <failure/>
  </testcase> <!-- Verify Get vaccination sessions API by district -->
  <testcase name="Verify Get vaccination sessions by PIN for 7 days" time="0.276" classname="com.qmetry.qaf.automation.step.client.Scenario">
    <failure/>
  </testcase> <!-- Verify Get vaccination sessions by PIN for 7 days -->
  <testcase name="Verify search and adding a product to cart" time="43.344" classname="com.qmetry.qaf.automation.step.client.Scenario"/>
</testsuite> <!-- In BDD -->
